Guess: guess Answer: craft Score: [0, 0, 0, 0, 0]
Guess: guess Answer: tasty Score: [0, 0, 0, 1, 0]
Guess: tasty Answer: tasty Score: [2, 2, 2, 2, 2]
Guess: guess Answer: erase Score: [0, 0, 1, 2, 0]
Guess: guess Answer: lapel Score: [0, 0, 1, 0, 0]
Guess: guess Answer: theme Score: [None, 0, None, 0, 0]
Guess: guess Answer: unlit Score: [0, 1, 0, 0, 0]
Guess: guess Answer: ficus Score: [0, 1, 0, 0, 2]
Guess: guess Answer: medal Score: [0, 0, 1, 0, 0]
Guess: guess Answer: stare Score: [0, 0, 1, 1, 0]
Guess: guess Answer: modal Score: [0, 0, 0, 0, 0]
Guess: guess Answer: slick Score: [0, 0, 0, 1, 0]
Guess: guess Answer: await Score: [0, 0, 0, 0, 0]
Guess: guess Answer: vicar Score: [0, 0, 0, 0, 0]
Guess: guess Answer: drown Score: [0, 0, 0, 0, 0]
Guess: guess Answer: shore Score: [0, 0, 1, 1, 0]
Guess: guess Answer: inane Score: [0, 0, 1, 0, 0]
Guess: guess Answer: mealy Score: [0, 0, 1, 0, 0]
Guess: guess Answer: heavy Score: [0, 0, 1, 0, 0]
Guess: guess Answer: adult Score: [0, 1, 0, 0, 0]
Guess: guess Answer: taboo Score: [0, 0, 0, 0, 0]
Guess: guess Answer: dwarf Score: [0, 0, 0, 0, 0]
Guess: hussy Answer: hussy Score: [2, 2, 2, 2, 2]
Guess: guess Answer: boxer Score: [0, 0, 1, 0, 0]
Guess: least Answer: boxer Score: [0, 1, 0, 0, 0]
Guess: maker Answer: boxer Score: [0, 0, 0, 2, 2]
Guess: steer Answer: boxer Score: [0, 0, 0, 2, 2]
Guess: plier Answer: boxer Score: [0, 0, 0, 2, 2]
Guess: reset Answer: boxer Score: [1, 0, 0, 2, 0]
Guess: guess, Answer: phase, Score: [0, 0, 1, 2, 0]
Guess: prose, Answer: phase, Score: [2, 0, 0, 2, 2]
Guess: phase, Answer: phase, Score: [2, 2, 2, 2, 2]
